# JRE version: OpenJDK Runtime Environment (8.0_152-b01) (build 1.8.0_152-release-915-b01)
# Java VM: OpenJDK 64-Bit Server VM (25.152-b01 mixed mode windows-amd64 compressed oops)
Heap:
 PSYoungGen      total 206848K, used 59494K [0x00000000e0000000, 0x00000000ef200000, 0x0000000100000000)
  eden space 176128K, 27% used [0x00000000e0000000,0x00000000e2efe110,0x00000000eac00000)
  from space 30720K, 37% used [0x00000000ed400000,0x00000000edf1b868,0x00000000ef200000)
  to   space 35840K, 0% used [0x00000000eac00000,0x00000000eac00000,0x00000000ecf00000)
 ParOldGen       total 163840K, used 53443K [0x00000000a0000000, 0x00000000aa000000, 0x00000000e0000000)
  object space 163840K, 32% used [0x00000000a0000000,0x00000000a3430dc8,0x00000000aa000000)
 Metaspace       used 65479K, capacity 68844K, committed 68952K, reserved 1107968K
  class space    used 8726K, capacity 9581K, committed 9600K, reserved 1048576K
GC Heap History (10 events):
Event: 28.735 GC heap before
{Heap before GC invocations=19 (full 2):
 PSYoungGen      total 168448K, used 33361K [0x00000000e0000000, 0x00000000ecc00000, 0x0000000100000000)
  eden space 137728K, 4% used [0x00000000e0000000,0x00000000e066b1e0,0x00000000e8680000)
  from space 30720K, 87% used [0x00000000ea800000,0x00000000ec2294d0,0x00000000ec600000)
  to   space 34304K, 0% used [0x00000000e8680000,0x00000000e8680000,0x00000000ea800000)
 ParOldGen       total 110592K, used 33732K [0x00000000a0000000, 0x00000000a6c00000, 0x00000000e0000000)
  object space 110592K, 30% used [0x00000000a0000000,0x00000000a20f1368,0x00000000a6c00000)
 Metaspace       used 56695K, capacity 58954K, committed 59028K, reserved 1099776K
  class space    used 7752K, capacity 8376K, committed 8448K, reserved 1048576K
Event: 28.769 GC heap after
Heap after GC invocations=19 (full 2):
 PSYoungGen      total 172032K, used 27493K [0x00000000e0000000, 0x00000000ef800000, 0x0000000100000000)
  eden space 137728K, 0% used [0x00000000e0000000,0x00000000e0000000,0x00000000e8680000)
  from space 34304K, 80% used [0x00000000e8680000,0x00000000ea1594f0,0x00000000ea800000)
  to   space 36864K, 0% used [0x00000000ed400000,0x00000000ed400000,0x00000000ef800000)
 ParOldGen       total 110592K, used 33740K [0x00000000a0000000, 0x00000000a6c00000, 0x00000000e0000000)
  object space 110592K, 30% used [0x00000000a0000000,0x00000000a20f3368,0x00000000a6c00000)
 Metaspace       used 56695K, capacity 58954K, committed 59028K, reserved 1099776K
  class space    used 7752K, capacity 8376K, committed 8448K, reserved 1048576K
}
Event: 28.769 GC heap before
{Heap before GC invocations=20 (full 3):
 PSYoungGen      total 172032K, used 27493K [0x00000000e0000000, 0x00000000ef800000, 0x0000000100000000)
  eden space 137728K, 0% used [0x00000000e0000000,0x00000000e0000000,0x00000000e8680000)
  from space 34304K, 80% used [0x00000000e8680000,0x00000000ea1594f0,0x00000000ea800000)
  to   space 36864K, 0% used [0x00000000ed400000,0x00000000ed400000,0x00000000ef800000)
 ParOldGen       total 110592K, used 33740K [0x00000000a0000000, 0x00000000a6c00000, 0x00000000e0000000)
  object space 110592K, 30% used [0x00000000a0000000,0x00000000a20f3368,0x00000000a6c00000)
 Metaspace       used 56695K, capacity 58954K, committed 59028K, reserved 1099776K
  class space    used 7752K, capacity 8376K, committed 8448K, reserved 1048576K
Event: 29.195 GC heap after
Heap after GC invocations=20 (full 3):
 PSYoungGen      total 172032K, used 0K [0x00000000e0000000, 0x00000000ef800000, 0x0000000100000000)
  eden space 137728K, 0% used [0x00000000e0000000,0x00000000e0000000,0x00000000e8680000)
  from space 34304K, 0% used [0x00000000e8680000,0x00000000e8680000,0x00000000ea800000)
  to   space 36864K, 0% used [0x00000000ed400000,0x00000000ed400000,0x00000000ef800000)
 ParOldGen       total 163840K, used 53419K [0x00000000a0000000, 0x00000000aa000000, 0x00000000e0000000)
  object space 163840K, 32% used [0x00000000a0000000,0x00000000a342adc8,0x00000000aa000000)
 Metaspace       used 56695K, capacity 58954K, committed 59028K, reserved 1099776K
  class space    used 7752K, capacity 8376K, committed 8448K, reserved 1048576K
}
Event: 48.674 GC heap before
{Heap before GC invocations=21 (full 3):
 PSYoungGen      total 172032K, used 137728K [0x00000000e0000000, 0x00000000ef800000, 0x0000000100000000)
  eden space 137728K, 100% used [0x00000000e0000000,0x00000000e8680000,0x00000000e8680000)
  from space 34304K, 0% used [0x00000000e8680000,0x00000000e8680000,0x00000000ea800000)
  to   space 36864K, 0% used [0x00000000ed400000,0x00000000ed400000,0x00000000ef800000)
 ParOldGen       total 163840K, used 53419K [0x00000000a0000000, 0x00000000aa000000, 0x00000000e0000000)
  object space 163840K, 32% used [0x00000000a0000000,0x00000000a342adc8,0x00000000aa000000)
 Metaspace       used 61193K, capacity 63928K, committed 64216K, reserved 1103872K
  class space    used 8188K, capacity 8925K, committed 8960K, reserved 1048576K
Event: 48.692 GC heap after
Heap after GC invocations=21 (full 3):
 PSYoungGen      total 206848K, used 10398K [0x00000000e0000000, 0x00000000ef200000, 0x0000000100000000)
  eden space 176128K, 0% used [0x00000000e0000000,0x00000000e0000000,0x00000000eac00000)
  from space 30720K, 33% used [0x00000000ed400000,0x00000000ede27910,0x00000000ef200000)
  to   space 35840K, 0% used [0x00000000eac00000,0x00000000eac00000,0x00000000ecf00000)
 ParOldGen       total 163840K, used 53427K [0x00000000a0000000, 0x00000000aa000000, 0x00000000e0000000)
  object space 163840K, 32% used [0x00000000a0000000,0x00000000a342cdc8,0x00000000aa000000)
 Metaspace       used 61193K, capacity 63928K, committed 64216K, reserved 1103872K
  class space    used 8188K, capacity 8925K, committed 8960K, reserved 1048576K
}
Event: 77.413 GC heap before
{Heap before GC invocations=22 (full 3):
 PSYoungGen      total 206848K, used 186526K [0x00000000e0000000, 0x00000000ef200000, 0x0000000100000000)
  eden space 176128K, 100% used [0x00000000e0000000,0x00000000eac00000,0x00000000eac00000)
  from space 30720K, 33% used [0x00000000ed400000,0x00000000ede27910,0x00000000ef200000)
  to   space 35840K, 0% used [0x00000000eac00000,0x00000000eac00000,0x00000000ecf00000)
 ParOldGen       total 163840K, used 53427K [0x00000000a0000000, 0x00000000aa000000, 0x00000000e0000000)
  object space 163840K, 32% used [0x00000000a0000000,0x00000000a342cdc8,0x00000000aa000000)
 Metaspace       used 63322K, capacity 66264K, committed 66520K, reserved 1105920K
  class space    used 8441K, capacity 9161K, committed 9216K, reserved 1048576K
Event: 77.440 GC heap after
Heap after GC invocations=22 (full 3):
 PSYoungGen      total 211968K, used 18941K [0x00000000e0000000, 0x00000000ef200000, 0x0000000100000000)
  eden space 176128K, 0% used [0x00000000e0000000,0x00000000e0000000,0x00000000eac00000)
  from space 35840K, 52% used [0x00000000eac00000,0x00000000ebe7f6c8,0x00000000ecf00000)
  to   space 30720K, 0% used [0x00000000ed400000,0x00000000ed400000,0x00000000ef200000)
 ParOldGen       total 163840K, used 53435K [0x00000000a0000000, 0x00000000aa000000, 0x00000000e0000000)
  object space 163840K, 32% used [0x00000000a0000000,0x00000000a342edc8,0x00000000aa000000)
 Metaspace       used 63322K, capacity 66264K, committed 66520K, reserved 1105920K
  class space    used 8441K, capacity 9161K, committed 9216K, reserved 1048576K
}
Event: 174.348 GC heap before
{Heap before GC invocations=23 (full 3):
 PSYoungGen      total 211968K, used 195069K [0x00000000e0000000, 0x00000000ef200000, 0x0000000100000000)
  eden space 176128K, 100% used [0x00000000e0000000,0x00000000eac00000,0x00000000eac00000)
  from space 35840K, 52% used [0x00000000eac00000,0x00000000ebe7f6c8,0x00000000ecf00000)
  to   space 30720K, 0% used [0x00000000ed400000,0x00000000ed400000,0x00000000ef200000)
 ParOldGen       total 163840K, used 53435K [0x00000000a0000000, 0x00000000aa000000, 0x00000000e0000000)
  object space 163840K, 32% used [0x00000000a0000000,0x00000000a342edc8,0x00000000aa000000)
 Metaspace       used 64434K, capacity 67652K, committed 67800K, reserved 1107968K
  class space    used 8582K, capacity 9434K, committed 9472K, reserved 1048576K
Event: 174.467 GC heap after
Heap after GC invocations=23 (full 3):
 PSYoungGen      total 206848K, used 11374K [0x00000000e0000000, 0x00000000ef200000, 0x0000000100000000)
  eden space 176128K, 0% used [0x00000000e0000000,0x00000000e0000000,0x00000000eac00000)
  from space 30720K, 37% used [0x00000000ed400000,0x00000000edf1b868,0x00000000ef200000)
  to   space 35840K, 0% used [0x00000000eac00000,0x00000000eac00000,0x00000000ecf00000)
 ParOldGen       total 163840K, used 53443K [0x00000000a0000000, 0x00000000aa000000, 0x00000000e0000000)
  object space 163840K, 32% used [0x00000000a0000000,0x00000000a3430dc8,0x00000000aa000000)
 Metaspace       used 64434K, capacity 67652K, committed 67800K, reserved 1107968K
  class space    used 8582K, capacity 9434K, committed 9472K, reserved 1048576K
}

